# JRE version: OpenJDK Runtime Environment (21.0.8) (build 21.0.8+-14196175-b1038.72)
# Java VM: OpenJDK 64-Bit Server VM (21.0.8+-14196175-b1038.72, mixed mode, tiered, compressed oops, compressed class ptrs, g1 gc, windows-amd64)
GC Precious Log:
 CardTable entry size: 512
 Card Set container configuration: InlinePtr #cards 4 size 8 Array Of Cards #cards 16 size 48 Howl #buckets 8 coarsen threshold 3686 Howl Bitmap #cards 512 size 80 coarsen threshold 460 Card regions per heap region 1 cards per card region 4096
 CPUs: 24 total, 24 available
 Memory: 16159M
 Large Page Support: Disabled
 NUMA Support: Disabled
 Compressed Oops: Enabled (Zero based)
 Heap Region Size: 2M
 Heap Min Capacity: 8M
 Heap Initial Capacity: 254M
 Heap Max Capacity: 4040M
 Pre-touch: Disabled
 Parallel Workers: 18
 Concurrent Workers: 5
 Concurrent Refinement Workers: 18
 Periodic GC: Disabled
Heap:
 garbage-first heap   total 231424K, used 148825K [0x0000000703800000, 0x0000000800000000)
  region size 2048K, 6 young (12288K), 5 survivors (10240K)
 Metaspace       used 65735K, committed 66048K, reserved 1114112K
  class space    used 7504K, committed 7680K, reserved 1048576K
GC Heap History (20 events):
Event: 1.378 GC heap before
{Heap before GC invocations=9 (full 0):
 garbage-first heap   total 90112K, used 86053K [0x0000000703800000, 0x0000000800000000)
  region size 2048K, 32 young (65536K), 1 survivors (2048K)
 Metaspace       used 48382K, committed 48704K, reserved 1114112K
  class space    used 5720K, committed 5824K, reserved 1048576K
}
Event: 1.385 GC heap after
{Heap after GC invocations=10 (full 0):
 garbage-first heap   total 98304K, used 31720K [0x0000000703800000, 0x0000000800000000)
  region size 2048K, 4 young (8192K), 4 survivors (8192K)
 Metaspace       used 48382K, committed 48704K, reserved 1114112K
  class space    used 5720K, committed 5824K, reserved 1048576K
}
Event: 1.609 GC heap before
{Heap before GC invocations=10 (full 0):
 garbage-first heap   total 98304K, used 80872K [0x0000000703800000, 0x0000000800000000)
  region size 2048K, 28 young (57344K), 4 survivors (8192K)
 Metaspace       used 51192K, committed 51456K, reserved 1114112K
  class space    used 5970K, committed 6080K, reserved 1048576K
}
Event: 1.618 GC heap after
{Heap after GC invocations=11 (full 0):
 garbage-first heap   total 102400K, used 42914K [0x0000000703800000, 0x0000000800000000)
  region size 2048K, 4 young (8192K), 4 survivors (8192K)
 Metaspace       used 51192K, committed 51456K, reserved 1114112K
  class space    used 5970K, committed 6080K, reserved 1048576K
}
Event: 1.649 GC heap before
{Heap before GC invocations=11 (full 0):
 garbage-first heap   total 102400K, used 81826K [0x0000000703800000, 0x0000000800000000)
  region size 2048K, 23 young (47104K), 4 survivors (8192K)
 Metaspace       used 51192K, committed 51456K, reserved 1114112K
  class space    used 5970K, committed 6080K, reserved 1048576K
}
Event: 1.656 GC heap after
{Heap after GC invocations=12 (full 0):
 garbage-first heap   total 102400K, used 53248K [0x0000000703800000, 0x0000000800000000)
  region size 2048K, 3 young (6144K), 3 survivors (6144K)
 Metaspace       used 51192K, committed 51456K, reserved 1114112K
  class space    used 5970K, committed 6080K, reserved 1048576K
}
Event: 1.680 GC heap before
{Heap before GC invocations=12 (full 0):
 garbage-first heap   total 102400K, used 83968K [0x0000000703800000, 0x0000000800000000)
  region size 2048K, 18 young (36864K), 3 survivors (6144K)
 Metaspace       used 51192K, committed 51456K, reserved 1114112K
  class space    used 5970K, committed 6080K, reserved 1048576K
}
Event: 1.686 GC heap after
{Heap after GC invocations=13 (full 0):
 garbage-first heap   total 184320K, used 62464K [0x0000000703800000, 0x0000000800000000)
  region size 2048K, 3 young (6144K), 3 survivors (6144K)
 Metaspace       used 51192K, committed 51456K, reserved 1114112K
  class space    used 5970K, committed 6080K, reserved 1048576K
}
Event: 1.911 GC heap before
{Heap before GC invocations=14 (full 0):
 garbage-first heap   total 184320K, used 134144K [0x0000000703800000, 0x0000000800000000)
  region size 2048K, 38 young (77824K), 3 survivors (6144K)
 Metaspace       used 53660K, committed 53952K, reserved 1114112K
  class space    used 6247K, committed 6400K, reserved 1048576K
}
Event: 1.918 GC heap after
{Heap after GC invocations=15 (full 0):
 garbage-first heap   total 184320K, used 87319K [0x0000000703800000, 0x0000000800000000)
  region size 2048K, 5 young (10240K), 5 survivors (10240K)
 Metaspace       used 53660K, committed 53952K, reserved 1114112K
  class space    used 6247K, committed 6400K, reserved 1048576K
}
Event: 2.330 GC heap before
{Heap before GC invocations=15 (full 0):
 garbage-first heap   total 184320K, used 142615K [0x0000000703800000, 0x0000000800000000)
  region size 2048K, 32 young (65536K), 5 survivors (10240K)
 Metaspace       used 58003K, committed 58368K, reserved 1114112K
  class space    used 6689K, committed 6848K, reserved 1048576K
}
Event: 2.336 GC heap after
{Heap after GC invocations=16 (full 0):
 garbage-first heap   total 184320K, used 97819K [0x0000000703800000, 0x0000000800000000)
  region size 2048K, 4 young (8192K), 4 survivors (8192K)
 Metaspace       used 58003K, committed 58368K, reserved 1114112K
  class space    used 6689K, committed 6848K, reserved 1048576K
}
Event: 2.393 GC heap before
{Heap before GC invocations=16 (full 0):
 garbage-first heap   total 184320K, used 151067K [0x0000000703800000, 0x0000000800000000)
  region size 2048K, 30 young (61440K), 4 survivors (8192K)
 Metaspace       used 58126K, committed 58432K, reserved 1114112K
  class space    used 6705K, committed 6848K, reserved 1048576K
}
Event: 2.399 GC heap after
{Heap after GC invocations=17 (full 0):
 garbage-first heap   total 184320K, used 113322K [0x0000000703800000, 0x0000000800000000)
  region size 2048K, 4 young (8192K), 4 survivors (8192K)
 Metaspace       used 58126K, committed 58432K, reserved 1114112K
  class space    used 6705K, committed 6848K, reserved 1048576K
}
Event: 2.444 GC heap before
{Heap before GC invocations=18 (full 0):
 garbage-first heap   total 192512K, used 154282K [0x0000000703800000, 0x0000000800000000)
  region size 2048K, 24 young (49152K), 4 survivors (8192K)
 Metaspace       used 58126K, committed 58432K, reserved 1114112K
  class space    used 6705K, committed 6848K, reserved 1048576K
}
Event: 2.449 GC heap after
{Heap after GC invocations=19 (full 0):
 garbage-first heap   total 231424K, used 125612K [0x0000000703800000, 0x0000000800000000)
  region size 2048K, 3 young (6144K), 3 survivors (6144K)
 Metaspace       used 58126K, committed 58432K, reserved 1114112K
  class space    used 6705K, committed 6848K, reserved 1048576K
}
Event: 2.846 GC heap before
{Heap before GC invocations=19 (full 0):
 garbage-first heap   total 231424K, used 189100K [0x0000000703800000, 0x0000000800000000)
  region size 2048K, 34 young (69632K), 3 survivors (6144K)
 Metaspace       used 62166K, committed 62464K, reserved 1114112K
  class space    used 7179K, committed 7296K, reserved 1048576K
}
Event: 2.852 GC heap after
{Heap after GC invocations=20 (full 0):
 garbage-first heap   total 231424K, used 137216K [0x0000000703800000, 0x0000000800000000)
  region size 2048K, 5 young (10240K), 5 survivors (10240K)
 Metaspace       used 62166K, committed 62464K, reserved 1114112K
  class space    used 7179K, committed 7296K, reserved 1048576K
}
Event: 3.315 GC heap before
{Heap before GC invocations=20 (full 0):
 garbage-first heap   total 231424K, used 194560K [0x0000000703800000, 0x0000000800000000)
  region size 2048K, 33 young (67584K), 5 survivors (10240K)
 Metaspace       used 65720K, committed 66048K, reserved 1114112K
  class space    used 7504K, committed 7680K, reserved 1048576K
}
Event: 3.323 GC heap after
{Heap after GC invocations=21 (full 0):
 garbage-first heap   total 231424K, used 148825K [0x0000000703800000, 0x0000000800000000)
  region size 2048K, 5 young (10240K), 5 survivors (10240K)
 Metaspace       used 65720K, committed 66048K, reserved 1114112K
  class space    used 7504K, committed 7680K, reserved 1048576K
}

