# JRE version: OpenJDK Runtime Environment (21.0.8) (build 21.0.8+-14196175-b1038.72)
# Java VM: OpenJDK 64-Bit Server VM (21.0.8+-14196175-b1038.72, mixed mode, tiered, compressed oops, compressed class ptrs, g1 gc, windows-amd64)
GC Precious Log:
 CardTable entry size: 512
 Card Set container configuration: InlinePtr #cards 5 size 8 Array Of Cards #cards 12 size 40 Howl #buckets 4 coarsen threshold 1843 Howl Bitmap #cards 512 size 80 coarsen threshold 460 Card regions per heap region 1 cards per card region 2048
 CPUs: 24 total, 24 available
 Memory: 16159M
 Large Page Support: Disabled
 NUMA Support: Disabled
 Compressed Oops: Enabled (32-bit)
 Heap Region Size: 1M
 Heap Min Capacity: 8M
 Heap Initial Capacity: 254M
 Heap Max Capacity: 2G
 Pre-touch: Disabled
 Parallel Workers: 18
 Concurrent Workers: 5
 Concurrent Refinement Workers: 18
 Periodic GC: Disabled
Heap:
 garbage-first heap   total 218112K, used 181119K [0x0000000080000000, 0x0000000100000000)
  region size 1024K, 65 young (66560K), 9 survivors (9216K)
 Metaspace       used 100639K, committed 102400K, reserved 1179648K
  class space    used 13687K, committed 14528K, reserved 1048576K
GC Heap History (20 events):
Event: 3.144 GC heap before
{Heap before GC invocations=9 (full 0):
 garbage-first heap   total 157696K, used 133253K [0x0000000080000000, 0x0000000100000000)
  region size 1024K, 78 young (79872K), 6 survivors (6144K)
 Metaspace       used 48779K, committed 50112K, reserved 1114112K
  class space    used 6784K, committed 7424K, reserved 1048576K
}
Event: 3.149 GC heap after
{Heap after GC invocations=10 (full 0):
 garbage-first heap   total 157696K, used 64589K [0x0000000080000000, 0x0000000100000000)
  region size 1024K, 9 young (9216K), 9 survivors (9216K)
 Metaspace       used 48779K, committed 50112K, reserved 1114112K
  class space    used 6784K, committed 7424K, reserved 1048576K
}
Event: 3.862 GC heap before
{Heap before GC invocations=10 (full 0):
 garbage-first heap   total 157696K, used 137293K [0x0000000080000000, 0x0000000100000000)
  region size 1024K, 79 young (80896K), 9 survivors (9216K)
 Metaspace       used 56965K, committed 58560K, reserved 1114112K
  class space    used 8086K, committed 8832K, reserved 1048576K
}
Event: 3.868 GC heap after
{Heap after GC invocations=11 (full 0):
 garbage-first heap   total 157696K, used 73384K [0x0000000080000000, 0x0000000100000000)
  region size 1024K, 10 young (10240K), 10 survivors (10240K)
 Metaspace       used 56965K, committed 58560K, reserved 1114112K
  class space    used 8086K, committed 8832K, reserved 1048576K
}
Event: 4.004 GC heap before
{Heap before GC invocations=11 (full 0):
 garbage-first heap   total 157696K, used 94888K [0x0000000080000000, 0x0000000100000000)
  region size 1024K, 26 young (26624K), 10 survivors (10240K)
 Metaspace       used 57485K, committed 59072K, reserved 1114112K
  class space    used 8142K, committed 8896K, reserved 1048576K
}
Event: 4.010 GC heap after
{Heap after GC invocations=12 (full 0):
 garbage-first heap   total 157696K, used 83253K [0x0000000080000000, 0x0000000100000000)
  region size 1024K, 3 young (3072K), 3 survivors (3072K)
 Metaspace       used 57485K, committed 59072K, reserved 1114112K
  class space    used 8142K, committed 8896K, reserved 1048576K
}
Event: 4.342 GC heap before
{Heap before GC invocations=13 (full 0):
 garbage-first heap   total 157696K, used 146741K [0x0000000080000000, 0x0000000100000000)
  region size 1024K, 58 young (59392K), 3 survivors (3072K)
 Metaspace       used 61974K, committed 63680K, reserved 1114112K
  class space    used 9022K, committed 9856K, reserved 1048576K
}
Event: 4.345 GC heap after
{Heap after GC invocations=14 (full 0):
 garbage-first heap   total 157696K, used 91984K [0x0000000080000000, 0x0000000100000000)
  region size 1024K, 5 young (5120K), 5 survivors (5120K)
 Metaspace       used 61974K, committed 63680K, reserved 1114112K
  class space    used 9022K, committed 9856K, reserved 1048576K
}
Event: 4.715 GC heap before
{Heap before GC invocations=14 (full 0):
 garbage-first heap   total 157696K, used 142160K [0x0000000080000000, 0x0000000100000000)
  region size 1024K, 54 young (55296K), 5 survivors (5120K)
 Metaspace       used 69698K, committed 71488K, reserved 1114112K
  class space    used 10166K, committed 11072K, reserved 1048576K
}
Event: 4.719 GC heap after
{Heap after GC invocations=15 (full 0):
 garbage-first heap   total 157696K, used 92854K [0x0000000080000000, 0x0000000100000000)
  region size 1024K, 4 young (4096K), 4 survivors (4096K)
 Metaspace       used 69698K, committed 71488K, reserved 1114112K
  class space    used 10166K, committed 11072K, reserved 1048576K
}
Event: 5.071 GC heap before
{Heap before GC invocations=15 (full 0):
 garbage-first heap   total 157696K, used 143030K [0x0000000080000000, 0x0000000100000000)
  region size 1024K, 53 young (54272K), 4 survivors (4096K)
 Metaspace       used 76016K, committed 77824K, reserved 1179648K
  class space    used 10950K, committed 11840K, reserved 1048576K
}
Event: 5.077 GC heap after
{Heap after GC invocations=16 (full 0):
 garbage-first heap   total 157696K, used 97169K [0x0000000080000000, 0x0000000100000000)
  region size 1024K, 7 young (7168K), 7 survivors (7168K)
 Metaspace       used 76016K, committed 77824K, reserved 1179648K
  class space    used 10950K, committed 11840K, reserved 1048576K
}
Event: 5.213 GC heap before
{Heap before GC invocations=17 (full 0):
 garbage-first heap   total 162816K, used 141201K [0x0000000080000000, 0x0000000100000000)
  region size 1024K, 50 young (51200K), 7 survivors (7168K)
 Metaspace       used 77022K, committed 78784K, reserved 1179648K
  class space    used 11077K, committed 11904K, reserved 1048576K
}
Event: 5.220 GC heap after
{Heap after GC invocations=18 (full 0):
 garbage-first heap   total 162816K, used 111216K [0x0000000080000000, 0x0000000100000000)
  region size 1024K, 7 young (7168K), 7 survivors (7168K)
 Metaspace       used 77022K, committed 78784K, reserved 1179648K
  class space    used 11077K, committed 11904K, reserved 1048576K
}
Event: 5.485 GC heap before
{Heap before GC invocations=18 (full 0):
 garbage-first heap   total 162816K, used 146032K [0x0000000080000000, 0x0000000100000000)
  region size 1024K, 41 young (41984K), 7 survivors (7168K)
 Metaspace       used 81884K, committed 83648K, reserved 1179648K
  class space    used 11581K, committed 12416K, reserved 1048576K
}
Event: 5.491 GC heap after
{Heap after GC invocations=19 (full 0):
 garbage-first heap   total 218112K, used 112696K [0x0000000080000000, 0x0000000100000000)
  region size 1024K, 2 young (2048K), 2 survivors (2048K)
 Metaspace       used 81884K, committed 83648K, reserved 1179648K
  class space    used 11581K, committed 12416K, reserved 1048576K
}
Event: 5.953 GC heap before
{Heap before GC invocations=19 (full 0):
 garbage-first heap   total 218112K, used 178232K [0x0000000080000000, 0x0000000100000000)
  region size 1024K, 67 young (68608K), 2 survivors (2048K)
 Metaspace       used 89359K, committed 91136K, reserved 1179648K
  class space    used 12352K, committed 13184K, reserved 1048576K
}
Event: 5.959 GC heap after
{Heap after GC invocations=20 (full 0):
 garbage-first heap   total 218112K, used 117201K [0x0000000080000000, 0x0000000100000000)
  region size 1024K, 6 young (6144K), 6 survivors (6144K)
 Metaspace       used 89359K, committed 91136K, reserved 1179648K
  class space    used 12352K, committed 13184K, reserved 1048576K
}
Event: 6.400 GC heap before
{Heap before GC invocations=21 (full 0):
 garbage-first heap   total 218112K, used 184785K [0x0000000080000000, 0x0000000100000000)
  region size 1024K, 72 young (73728K), 6 survivors (6144K)
 Metaspace       used 96149K, committed 97984K, reserved 1179648K
  class space    used 13093K, committed 13952K, reserved 1048576K
}
Event: 6.405 GC heap after
{Heap after GC invocations=22 (full 0):
 garbage-first heap   total 218112K, used 123775K [0x0000000080000000, 0x0000000100000000)
  region size 1024K, 9 young (9216K), 9 survivors (9216K)
 Metaspace       used 96149K, committed 97984K, reserved 1179648K
  class space    used 13093K, committed 13952K, reserved 1048576K
}

