# JRE version: OpenJDK Runtime Environment (21.0.8) (build 21.0.8+-14196175-b1038.72)
# Java VM: OpenJDK 64-Bit Server VM (21.0.8+-14196175-b1038.72, mixed mode, tiered, compressed oops, compressed class ptrs, g1 gc, windows-amd64)
GC Precious Log:
 CardTable entry size: 512
 Card Set container configuration: InlinePtr #cards 5 size 8 Array Of Cards #cards 12 size 40 Howl #buckets 4 coarsen threshold 1843 Howl Bitmap #cards 512 size 80 coarsen threshold 460 Card regions per heap region 1 cards per card region 2048
 CPUs: 24 total, 24 available
 Memory: 16159M
 Large Page Support: Disabled
 NUMA Support: Disabled
 Compressed Oops: Enabled (32-bit)
 Heap Region Size: 1M
 Heap Min Capacity: 8M
 Heap Initial Capacity: 254M
 Heap Max Capacity: 2G
 Pre-touch: Disabled
 Parallel Workers: 18
 Concurrent Workers: 5
 Concurrent Refinement Workers: 18
 Periodic GC: Disabled
Heap:
 garbage-first heap   total 496640K, used 334526K [0x0000000080000000, 0x0000000100000000)
  region size 1024K, 17 young (17408K), 13 survivors (13312K)
 Metaspace       used 244577K, committed 247296K, reserved 688128K
  class space    used 31280K, committed 32576K, reserved 425984K
GC Heap History (20 events):
Event: 15.646 GC heap before
{Heap before GC invocations=49 (full 0):
 garbage-first heap   total 391168K, used 339010K [0x0000000080000000, 0x0000000100000000)
  region size 1024K, 103 young (105472K), 8 survivors (8192K)
 Metaspace       used 191639K, committed 194240K, reserved 622592K
  class space    used 25510K, committed 26752K, reserved 425984K
}
Event: 15.651 GC heap after
{Heap after GC invocations=50 (full 0):
 garbage-first heap   total 391168K, used 246708K [0x0000000080000000, 0x0000000100000000)
  region size 1024K, 13 young (13312K), 13 survivors (13312K)
 Metaspace       used 191639K, committed 194240K, reserved 622592K
  class space    used 25510K, committed 26752K, reserved 425984K
}
Event: 15.666 GC heap before
{Heap before GC invocations=50 (full 0):
 garbage-first heap   total 391168K, used 248756K [0x0000000080000000, 0x0000000100000000)
  region size 1024K, 16 young (16384K), 13 survivors (13312K)
 Metaspace       used 191793K, committed 194496K, reserved 622592K
  class space    used 25528K, committed 26816K, reserved 425984K
}
Event: 15.669 GC heap after
{Heap after GC invocations=51 (full 0):
 garbage-first heap   total 391168K, used 250171K [0x0000000080000000, 0x0000000100000000)
  region size 1024K, 2 young (2048K), 2 survivors (2048K)
 Metaspace       used 191793K, committed 194496K, reserved 622592K
  class space    used 25528K, committed 26816K, reserved 425984K
}
Event: 16.442 GC heap before
{Heap before GC invocations=52 (full 0):
 garbage-first heap   total 423936K, used 352571K [0x0000000080000000, 0x0000000100000000)
  region size 1024K, 98 young (100352K), 2 survivors (2048K)
 Metaspace       used 208125K, committed 210816K, reserved 622592K
  class space    used 27496K, committed 28800K, reserved 425984K
}
Event: 16.447 GC heap after
{Heap after GC invocations=53 (full 0):
 garbage-first heap   total 423936K, used 267125K [0x0000000080000000, 0x0000000100000000)
  region size 1024K, 13 young (13312K), 13 survivors (13312K)
 Metaspace       used 208125K, committed 210816K, reserved 622592K
  class space    used 27496K, committed 28800K, reserved 425984K
}
Event: 17.400 GC heap before
{Heap before GC invocations=53 (full 0):
 garbage-first heap   total 423936K, used 372597K [0x0000000080000000, 0x0000000100000000)
  region size 1024K, 117 young (119808K), 13 survivors (13312K)
 Metaspace       used 227080K, committed 229824K, reserved 688128K
  class space    used 29932K, committed 31232K, reserved 425984K
}
Event: 17.407 GC heap after
{Heap after GC invocations=54 (full 0):
 garbage-first heap   total 423936K, used 274403K [0x0000000080000000, 0x0000000100000000)
  region size 1024K, 11 young (11264K), 11 survivors (11264K)
 Metaspace       used 227080K, committed 229824K, reserved 688128K
  class space    used 29932K, committed 31232K, reserved 425984K
}
Event: 17.727 GC heap before
{Heap before GC invocations=54 (full 0):
 garbage-first heap   total 423936K, used 313315K [0x0000000080000000, 0x0000000100000000)
  region size 1024K, 50 young (51200K), 11 survivors (11264K)
 Metaspace       used 231508K, committed 234176K, reserved 688128K
  class space    used 30383K, committed 31680K, reserved 425984K
}
Event: 17.731 GC heap after
{Heap after GC invocations=55 (full 0):
 garbage-first heap   total 423936K, used 281414K [0x0000000080000000, 0x0000000100000000)
  region size 1024K, 7 young (7168K), 7 survivors (7168K)
 Metaspace       used 231508K, committed 234176K, reserved 688128K
  class space    used 30383K, committed 31680K, reserved 425984K
}
Event: 17.954 GC heap before
{Heap before GC invocations=56 (full 0):
 garbage-first heap   total 427008K, used 359238K [0x0000000080000000, 0x0000000100000000)
  region size 1024K, 108 young (110592K), 7 survivors (7168K)
 Metaspace       used 223725K, committed 229120K, reserved 688128K
  class space    used 29421K, committed 31296K, reserved 425984K
}
Event: 17.963 GC heap after
{Heap after GC invocations=57 (full 0):
 garbage-first heap   total 427008K, used 282624K [0x0000000080000000, 0x0000000100000000)
  region size 1024K, 14 young (14336K), 14 survivors (14336K)
 Metaspace       used 223725K, committed 229120K, reserved 688128K
  class space    used 29421K, committed 31296K, reserved 425984K
}
Event: 18.190 GC heap before
{Heap before GC invocations=57 (full 0):
 garbage-first heap   total 427008K, used 379904K [0x0000000080000000, 0x0000000100000000)
  region size 1024K, 109 young (111616K), 14 survivors (14336K)
 Metaspace       used 226499K, committed 229440K, reserved 688128K
  class space    used 29728K, committed 31296K, reserved 425984K
}
Event: 18.198 GC heap after
{Heap after GC invocations=58 (full 0):
 garbage-first heap   total 427008K, used 276829K [0x0000000080000000, 0x0000000100000000)
  region size 1024K, 14 young (14336K), 14 survivors (14336K)
 Metaspace       used 226499K, committed 229440K, reserved 688128K
  class space    used 29728K, committed 31296K, reserved 425984K
}
Event: 19.042 GC heap before
{Heap before GC invocations=58 (full 0):
 garbage-first heap   total 427008K, used 374109K [0x0000000080000000, 0x0000000100000000)
  region size 1024K, 109 young (111616K), 14 survivors (14336K)
 Metaspace       used 232137K, committed 234816K, reserved 688128K
  class space    used 30255K, committed 31552K, reserved 425984K
}
Event: 19.049 GC heap after
{Heap after GC invocations=59 (full 0):
 garbage-first heap   total 494592K, used 297833K [0x0000000080000000, 0x0000000100000000)
  region size 1024K, 14 young (14336K), 14 survivors (14336K)
 Metaspace       used 232137K, committed 234816K, reserved 688128K
  class space    used 30255K, committed 31552K, reserved 425984K
}
Event: 20.223 GC heap before
{Heap before GC invocations=60 (full 0):
 garbage-first heap   total 496640K, used 426857K [0x0000000080000000, 0x0000000100000000)
  region size 1024K, 141 young (144384K), 14 survivors (14336K)
 Metaspace       used 237493K, committed 240128K, reserved 688128K
  class space    used 30663K, committed 31936K, reserved 425984K
}
Event: 20.230 GC heap after
{Heap after GC invocations=61 (full 0):
 garbage-first heap   total 496640K, used 318321K [0x0000000080000000, 0x0000000100000000)
  region size 1024K, 18 young (18432K), 18 survivors (18432K)
 Metaspace       used 237493K, committed 240128K, reserved 688128K
  class space    used 30663K, committed 31936K, reserved 425984K
}
Event: 20.775 GC heap before
{Heap before GC invocations=61 (full 0):
 garbage-first heap   total 496640K, used 392049K [0x0000000080000000, 0x0000000100000000)
  region size 1024K, 91 young (93184K), 18 survivors (18432K)
 Metaspace       used 244403K, committed 247104K, reserved 688128K
  class space    used 31265K, committed 32576K, reserved 425984K
}
Event: 20.783 GC heap after
{Heap after GC invocations=62 (full 0):
 garbage-first heap   total 496640K, used 331454K [0x0000000080000000, 0x0000000100000000)
  region size 1024K, 13 young (13312K), 13 survivors (13312K)
 Metaspace       used 244403K, committed 247104K, reserved 688128K
  class space    used 31265K, committed 32576K, reserved 425984K
}

