# JRE version: Java(TM) SE Runtime Environment (21.0.10+8) (build 21.0.10+8-LTS-217)
# Java VM: Java HotSpot(TM) 64-Bit Server VM (21.0.10+8-LTS-217, mixed mode, sharing, tiered, compressed oops, compressed class ptrs, g1 gc, windows-amd64)
GC Precious Log:
 CardTable entry size: 512
 Card Set container configuration: InlinePtr #cards 5 size 8 Array Of Cards #cards 12 size 40 Howl #buckets 4 coarsen threshold 1843 Howl Bitmap #cards 512 size 80 coarsen threshold 460 Card regions per heap region 1 cards per card region 2048
 CPUs: 24 total, 24 available
 Memory: 16159M
 Large Page Support: Disabled
 NUMA Support: Disabled
 Compressed Oops: Enabled (32-bit)
 Heap Region Size: 1M
 Heap Min Capacity: 8M
 Heap Initial Capacity: 254M
 Heap Max Capacity: 2G
 Pre-touch: Disabled
 Parallel Workers: 18
 Concurrent Workers: 5
 Concurrent Refinement Workers: 18
 Periodic GC: Disabled
Heap:
 garbage-first heap   total 336896K, used 274617K [0x0000000080000000, 0x0000000100000000)
  region size 1024K, 86 young (88064K), 11 survivors (11264K)
 Metaspace       used 169115K, committed 171840K, reserved 1245184K
  class space    used 22022K, committed 23360K, reserved 1048576K
GC Heap History (20 events):
Event: 11.913 GC heap before
{Heap before GC invocations=34 (full 0):
 garbage-first heap   total 189440K, used 167644K [0x0000000080000000, 0x0000000100000000)
  region size 1024K, 64 young (65536K), 8 survivors (8192K)
 Metaspace       used 103695K, committed 106112K, reserved 1179648K
  class space    used 14290K, committed 15488K, reserved 1048576K
}
Event: 11.923 GC heap after
{Heap after GC invocations=35 (full 0):
 garbage-first heap   total 200704K, used 134253K [0x0000000080000000, 0x0000000100000000)
  region size 1024K, 8 young (8192K), 8 survivors (8192K)
 Metaspace       used 103695K, committed 106112K, reserved 1179648K
  class space    used 14290K, committed 15488K, reserved 1048576K
}
Event: 12.173 GC heap before
{Heap before GC invocations=36 (full 0):
 garbage-first heap   total 250880K, used 174189K [0x0000000080000000, 0x0000000100000000)
  region size 1024K, 47 young (48128K), 8 survivors (8192K)
 Metaspace       used 105695K, committed 108096K, reserved 1179648K
  class space    used 14493K, committed 15680K, reserved 1048576K
}
Event: 12.182 GC heap after
{Heap after GC invocations=37 (full 0):
 garbage-first heap   total 250880K, used 146148K [0x0000000080000000, 0x0000000100000000)
  region size 1024K, 6 young (6144K), 6 survivors (6144K)
 Metaspace       used 105695K, committed 108096K, reserved 1179648K
  class space    used 14493K, committed 15680K, reserved 1048576K
}
Event: 12.556 GC heap before
{Heap before GC invocations=37 (full 0):
 garbage-first heap   total 250880K, used 203492K [0x0000000080000000, 0x0000000100000000)
  region size 1024K, 62 young (63488K), 6 survivors (6144K)
 Metaspace       used 111865K, committed 114240K, reserved 1179648K
  class space    used 15138K, committed 16320K, reserved 1048576K
}
Event: 12.560 GC heap after
{Heap after GC invocations=38 (full 0):
 garbage-first heap   total 306176K, used 151736K [0x0000000080000000, 0x0000000100000000)
  region size 1024K, 5 young (5120K), 5 survivors (5120K)
 Metaspace       used 111865K, committed 114240K, reserved 1179648K
  class space    used 15138K, committed 16320K, reserved 1048576K
}
Event: 13.163 GC heap before
{Heap before GC invocations=38 (full 0):
 garbage-first heap   total 306176K, used 233656K [0x0000000080000000, 0x0000000100000000)
  region size 1024K, 86 young (88064K), 5 survivors (5120K)
 Metaspace       used 121236K, committed 123584K, reserved 1179648K
  class space    used 16089K, committed 17280K, reserved 1048576K
}
Event: 13.167 GC heap after
{Heap after GC invocations=39 (full 0):
 garbage-first heap   total 306176K, used 157215K [0x0000000080000000, 0x0000000100000000)
  region size 1024K, 11 young (11264K), 11 survivors (11264K)
 Metaspace       used 121236K, committed 123584K, reserved 1179648K
  class space    used 16089K, committed 17280K, reserved 1048576K
}
Event: 13.806 GC heap before
{Heap before GC invocations=40 (full 0):
 garbage-first heap   total 306176K, used 244255K [0x0000000080000000, 0x0000000100000000)
  region size 1024K, 95 young (97280K), 11 survivors (11264K)
 Metaspace       used 126466K, committed 128896K, reserved 1179648K
  class space    used 16740K, committed 17920K, reserved 1048576K
}
Event: 13.813 GC heap after
{Heap after GC invocations=41 (full 0):
 garbage-first heap   total 306176K, used 174760K [0x0000000080000000, 0x0000000100000000)
  region size 1024K, 12 young (12288K), 12 survivors (12288K)
 Metaspace       used 126466K, committed 128896K, reserved 1179648K
  class space    used 16740K, committed 17920K, reserved 1048576K
}
Event: 14.815 GC heap before
{Heap before GC invocations=41 (full 0):
 garbage-first heap   total 306176K, used 252584K [0x0000000080000000, 0x0000000100000000)
  region size 1024K, 89 young (91136K), 12 survivors (12288K)
 Metaspace       used 135110K, committed 137472K, reserved 1179648K
  class space    used 17515K, committed 18688K, reserved 1048576K
}
Event: 14.822 GC heap after
{Heap after GC invocations=42 (full 0):
 garbage-first heap   total 306176K, used 181482K [0x0000000080000000, 0x0000000100000000)
  region size 1024K, 8 young (8192K), 8 survivors (8192K)
 Metaspace       used 135110K, committed 137472K, reserved 1179648K
  class space    used 17515K, committed 18688K, reserved 1048576K
}
Event: 15.630 GC heap before
{Heap before GC invocations=42 (full 0):
 garbage-first heap   total 306176K, used 260330K [0x0000000080000000, 0x0000000100000000)
  region size 1024K, 85 young (87040K), 8 survivors (8192K)
 Metaspace       used 144253K, committed 146624K, reserved 1179648K
  class space    used 18542K, committed 19712K, reserved 1048576K
}
Event: 15.633 GC heap after
{Heap after GC invocations=43 (full 0):
 garbage-first heap   total 306176K, used 187973K [0x0000000080000000, 0x0000000100000000)
  region size 1024K, 7 young (7168K), 7 survivors (7168K)
 Metaspace       used 144253K, committed 146624K, reserved 1179648K
  class space    used 18542K, committed 19712K, reserved 1048576K
}
Event: 16.309 GC heap before
{Heap before GC invocations=44 (full 0):
 garbage-first heap   total 317440K, used 266821K [0x0000000080000000, 0x0000000100000000)
  region size 1024K, 84 young (86016K), 7 survivors (7168K)
 Metaspace       used 152653K, committed 155072K, reserved 1245184K
  class space    used 19499K, committed 20672K, reserved 1048576K
}
Event: 16.312 GC heap after
{Heap after GC invocations=45 (full 0):
 garbage-first heap   total 317440K, used 190662K [0x0000000080000000, 0x0000000100000000)
  region size 1024K, 3 young (3072K), 3 survivors (3072K)
 Metaspace       used 152653K, committed 155072K, reserved 1245184K
  class space    used 19499K, committed 20672K, reserved 1048576K
}
Event: 16.924 GC heap before
{Heap before GC invocations=45 (full 0):
 garbage-first heap   total 317440K, used 278726K [0x0000000080000000, 0x0000000100000000)
  region size 1024K, 89 young (91136K), 3 survivors (3072K)
 Metaspace       used 158945K, committed 161472K, reserved 1245184K
  class space    used 20522K, committed 21760K, reserved 1048576K
}
Event: 16.928 GC heap after
{Heap after GC invocations=46 (full 0):
 garbage-first heap   total 317440K, used 192601K [0x0000000080000000, 0x0000000100000000)
  region size 1024K, 6 young (6144K), 6 survivors (6144K)
 Metaspace       used 158945K, committed 161472K, reserved 1245184K
  class space    used 20522K, committed 21760K, reserved 1048576K
}
Event: 17.662 GC heap before
{Heap before GC invocations=46 (full 0):
 garbage-first heap   total 317440K, used 282713K [0x0000000080000000, 0x0000000100000000)
  region size 1024K, 94 young (96256K), 6 survivors (6144K)
 Metaspace       used 164825K, committed 167552K, reserved 1245184K
  class space    used 21405K, committed 22784K, reserved 1048576K
}
Event: 17.666 GC heap after
{Heap after GC invocations=47 (full 0):
 garbage-first heap   total 317440K, used 197817K [0x0000000080000000, 0x0000000100000000)
  region size 1024K, 11 young (11264K), 11 survivors (11264K)
 Metaspace       used 164825K, committed 167552K, reserved 1245184K
  class space    used 21405K, committed 22784K, reserved 1048576K
}

