# JRE version: OpenJDK Runtime Environment (21.0.8) (build 21.0.8+-14196175-b1038.72)
# Java VM: OpenJDK 64-Bit Server VM (21.0.8+-14196175-b1038.72, mixed mode, tiered, compressed oops, compressed class ptrs, g1 gc, windows-amd64)
GC Precious Log:
 CardTable entry size: 512
 Card Set container configuration: InlinePtr #cards 4 size 8 Array Of Cards #cards 16 size 48 Howl #buckets 8 coarsen threshold 3686 Howl Bitmap #cards 512 size 80 coarsen threshold 460 Card regions per heap region 1 cards per card region 4096
 CPUs: 24 total, 24 available
 Memory: 16159M
 Large Page Support: Disabled
 NUMA Support: Disabled
 Compressed Oops: Enabled (Zero based)
 Heap Region Size: 2M
 Heap Min Capacity: 8M
 Heap Initial Capacity: 254M
 Heap Max Capacity: 4040M
 Pre-touch: Disabled
 Parallel Workers: 18
 Concurrent Workers: 5
 Concurrent Refinement Workers: 18
 Periodic GC: Disabled
Heap:
 garbage-first heap   total 153600K, used 99715K [0x0000000703800000, 0x0000000800000000)
  region size 2048K, 3 young (6144K), 3 survivors (6144K)
 Metaspace       used 56820K, committed 57152K, reserved 1114112K
  class space    used 6576K, committed 6720K, reserved 1048576K
GC Heap History (20 events):
Event: 0.715 GC heap after
{Heap after GC invocations=5 (full 0):
 garbage-first heap   total 47104K, used 20480K [0x0000000703800000, 0x0000000800000000)
  region size 2048K, 2 young (4096K), 2 survivors (4096K)
 Metaspace       used 25616K, committed 25856K, reserved 1114112K
  class space    used 2825K, committed 2944K, reserved 1048576K
}
Event: 0.804 GC heap before
{Heap before GC invocations=5 (full 0):
 garbage-first heap   total 47104K, used 34816K [0x0000000703800000, 0x0000000800000000)
  region size 2048K, 9 young (18432K), 2 survivors (4096K)
 Metaspace       used 27658K, committed 27904K, reserved 1114112K
  class space    used 3048K, committed 3200K, reserved 1048576K
}
Event: 0.808 GC heap after
{Heap after GC invocations=6 (full 0):
 garbage-first heap   total 47104K, used 23817K [0x0000000703800000, 0x0000000800000000)
  region size 2048K, 2 young (4096K), 2 survivors (4096K)
 Metaspace       used 27658K, committed 27904K, reserved 1114112K
  class space    used 3048K, committed 3200K, reserved 1048576K
}
Event: 0.877 GC heap before
{Heap before GC invocations=6 (full 0):
 garbage-first heap   total 47104K, used 34057K [0x0000000703800000, 0x0000000800000000)
  region size 2048K, 7 young (14336K), 2 survivors (4096K)
 Metaspace       used 30562K, committed 30848K, reserved 1114112K
  class space    used 3409K, committed 3520K, reserved 1048576K
}
Event: 0.882 GC heap after
{Heap after GC invocations=7 (full 0):
 garbage-first heap   total 153600K, used 24864K [0x0000000703800000, 0x0000000800000000)
  region size 2048K, 1 young (2048K), 1 survivors (2048K)
 Metaspace       used 30562K, committed 30848K, reserved 1114112K
  class space    used 3409K, committed 3520K, reserved 1048576K
}
Event: 1.399 GC heap before
{Heap before GC invocations=8 (full 0):
 garbage-first heap   total 90112K, used 86304K [0x0000000703800000, 0x0000000800000000)
  region size 2048K, 32 young (65536K), 1 survivors (2048K)
 Metaspace       used 44943K, committed 45184K, reserved 1114112K
  class space    used 5334K, committed 5440K, reserved 1048576K
}
Event: 1.406 GC heap after
{Heap after GC invocations=9 (full 0):
 garbage-first heap   total 98304K, used 31853K [0x0000000703800000, 0x0000000800000000)
  region size 2048K, 4 young (8192K), 4 survivors (8192K)
 Metaspace       used 44943K, committed 45184K, reserved 1114112K
  class space    used 5334K, committed 5440K, reserved 1048576K
}
Event: 1.695 GC heap before
{Heap before GC invocations=9 (full 0):
 garbage-first heap   total 98304K, used 76909K [0x0000000703800000, 0x0000000800000000)
  region size 2048K, 26 young (53248K), 4 survivors (8192K)
 Metaspace       used 50586K, committed 50816K, reserved 1114112K
  class space    used 5898K, committed 6016K, reserved 1048576K
}
Event: 1.707 GC heap after
{Heap after GC invocations=10 (full 0):
 garbage-first heap   total 98304K, used 39828K [0x0000000703800000, 0x0000000800000000)
  region size 2048K, 4 young (8192K), 4 survivors (8192K)
 Metaspace       used 50586K, committed 50816K, reserved 1114112K
  class space    used 5898K, committed 6016K, reserved 1048576K
}
Event: 1.854 GC heap before
{Heap before GC invocations=10 (full 0):
 garbage-first heap   total 98304K, used 78740K [0x0000000703800000, 0x0000000800000000)
  region size 2048K, 23 young (47104K), 4 survivors (8192K)
 Metaspace       used 51294K, committed 51456K, reserved 1114112K
  class space    used 5948K, committed 6016K, reserved 1048576K
}
Event: 1.863 GC heap after
{Heap after GC invocations=11 (full 0):
 garbage-first heap   total 98304K, used 50330K [0x0000000703800000, 0x0000000800000000)
  region size 2048K, 3 young (6144K), 3 survivors (6144K)
 Metaspace       used 51294K, committed 51456K, reserved 1114112K
  class space    used 5948K, committed 6016K, reserved 1048576K
}
Event: 1.886 GC heap before
{Heap before GC invocations=11 (full 0):
 garbage-first heap   total 98304K, used 79002K [0x0000000703800000, 0x0000000800000000)
  region size 2048K, 17 young (34816K), 3 survivors (6144K)
 Metaspace       used 51336K, committed 51520K, reserved 1114112K
  class space    used 5948K, committed 6016K, reserved 1048576K
}
Event: 1.891 GC heap after
{Heap after GC invocations=12 (full 0):
 garbage-first heap   total 143360K, used 57826K [0x0000000703800000, 0x0000000800000000)
  region size 2048K, 3 young (6144K), 3 survivors (6144K)
 Metaspace       used 51336K, committed 51520K, reserved 1114112K
  class space    used 5948K, committed 6016K, reserved 1048576K
}
Event: 2.013 GC heap before
{Heap before GC invocations=13 (full 0):
 garbage-first heap   total 143360K, used 106978K [0x0000000703800000, 0x0000000800000000)
  region size 2048K, 27 young (55296K), 3 survivors (6144K)
 Metaspace       used 51336K, committed 51520K, reserved 1114112K
  class space    used 5948K, committed 6016K, reserved 1048576K
}
Event: 2.019 GC heap after
{Heap after GC invocations=14 (full 0):
 garbage-first heap   total 143360K, used 71078K [0x0000000703800000, 0x0000000800000000)
  region size 2048K, 4 young (8192K), 4 survivors (8192K)
 Metaspace       used 51336K, committed 51520K, reserved 1114112K
  class space    used 5948K, committed 6016K, reserved 1048576K
}
Event: 2.069 GC heap before
{Heap before GC invocations=14 (full 0):
 garbage-first heap   total 143360K, used 114086K [0x0000000703800000, 0x0000000800000000)
  region size 2048K, 25 young (51200K), 4 survivors (8192K)
 Metaspace       used 51386K, committed 51648K, reserved 1114112K
  class space    used 5952K, committed 6080K, reserved 1048576K
}
Event: 2.074 GC heap after
{Heap after GC invocations=15 (full 0):
 garbage-first heap   total 143360K, used 83544K [0x0000000703800000, 0x0000000800000000)
  region size 2048K, 4 young (8192K), 4 survivors (8192K)
 Metaspace       used 51386K, committed 51648K, reserved 1114112K
  class space    used 5952K, committed 6080K, reserved 1048576K
}
Event: 2.254 GC heap before
{Heap before GC invocations=15 (full 0):
 garbage-first heap   total 143360K, used 118360K [0x0000000703800000, 0x0000000800000000)
  region size 2048K, 21 young (43008K), 4 survivors (8192K)
 Metaspace       used 53884K, committed 54144K, reserved 1114112K
  class space    used 6254K, committed 6336K, reserved 1048576K
}
Event: 2.259 GC heap after
{Heap after GC invocations=16 (full 0):
 garbage-first heap   total 143360K, used 92160K [0x0000000703800000, 0x0000000800000000)
  region size 2048K, 3 young (6144K), 3 survivors (6144K)
 Metaspace       used 53884K, committed 54144K, reserved 1114112K
  class space    used 6254K, committed 6336K, reserved 1048576K
}
Event: 2.517 GC heap before
{Heap before GC invocations=17 (full 0):
 garbage-first heap   total 153600K, used 122880K [0x0000000703800000, 0x0000000800000000)
  region size 2048K, 18 young (36864K), 3 survivors (6144K)
 Metaspace       used 56820K, committed 57152K, reserved 1114112K
  class space    used 6576K, committed 6720K, reserved 1048576K
}

