# JRE version: OpenJDK Runtime Environment (21.0.8) (build 21.0.8+-14196175-b1038.72)
# Java VM: OpenJDK 64-Bit Server VM (21.0.8+-14196175-b1038.72, mixed mode, tiered, compressed oops, compressed class ptrs, g1 gc, windows-amd64)
GC Precious Log:
 CardTable entry size: 512
 Card Set container configuration: InlinePtr #cards 5 size 8 Array Of Cards #cards 12 size 40 Howl #buckets 4 coarsen threshold 1843 Howl Bitmap #cards 512 size 80 coarsen threshold 460 Card regions per heap region 1 cards per card region 2048
 CPUs: 24 total, 24 available
 Memory: 16159M
 Large Page Support: Disabled
 NUMA Support: Disabled
 Compressed Oops: Enabled (32-bit)
 Heap Region Size: 1M
 Heap Min Capacity: 8M
 Heap Initial Capacity: 254M
 Heap Max Capacity: 2G
 Pre-touch: Disabled
 Parallel Workers: 18
 Concurrent Workers: 5
 Concurrent Refinement Workers: 18
 Periodic GC: Disabled
Heap:
 garbage-first heap   total 515072K, used 354063K [0x0000000080000000, 0x0000000100000000)
  region size 1024K, 13 young (13312K), 6 survivors (6144K)
 Metaspace       used 303891K, committed 306944K, reserved 753664K
  class space    used 38920K, committed 40384K, reserved 425984K
GC Heap History (20 events):
Event: 43.834 GC heap before
{Heap before GC invocations=62 (full 0):
 garbage-first heap   total 404480K, used 315358K [0x0000000080000000, 0x0000000100000000)
  region size 1024K, 58 young (59392K), 15 survivors (15360K)
 Metaspace       used 226058K, committed 228864K, reserved 688128K
  class space    used 29996K, committed 31360K, reserved 425984K
}
Event: 43.840 GC heap after
{Heap after GC invocations=63 (full 0):
 garbage-first heap   total 404480K, used 286108K [0x0000000080000000, 0x0000000100000000)
  region size 1024K, 10 young (10240K), 10 survivors (10240K)
 Metaspace       used 226058K, committed 228864K, reserved 688128K
  class space    used 29996K, committed 31360K, reserved 425984K
}
Event: 44.237 GC heap before
{Heap before GC invocations=64 (full 0):
 garbage-first heap   total 500736K, used 375196K [0x0000000080000000, 0x0000000100000000)
  region size 1024K, 85 young (87040K), 10 survivors (10240K)
 Metaspace       used 229995K, committed 232832K, reserved 688128K
  class space    used 30355K, committed 31744K, reserved 425984K
}
Event: 44.240 GC heap after
{Heap after GC invocations=65 (full 0):
 garbage-first heap   total 500736K, used 289938K [0x0000000080000000, 0x0000000100000000)
  region size 1024K, 9 young (9216K), 9 survivors (9216K)
 Metaspace       used 229995K, committed 232832K, reserved 688128K
  class space    used 30355K, committed 31744K, reserved 425984K
}
Event: 45.163 GC heap before
{Heap before GC invocations=65 (full 0):
 garbage-first heap   total 500736K, used 442514K [0x0000000080000000, 0x0000000100000000)
  region size 1024K, 159 young (162816K), 9 survivors (9216K)
 Metaspace       used 233018K, committed 235840K, reserved 688128K
  class space    used 30701K, committed 32064K, reserved 425984K
}
Event: 45.169 GC heap after
{Heap after GC invocations=66 (full 0):
 garbage-first heap   total 500736K, used 276792K [0x0000000080000000, 0x0000000100000000)
  region size 1024K, 10 young (10240K), 10 survivors (10240K)
 Metaspace       used 233018K, committed 235840K, reserved 688128K
  class space    used 30701K, committed 32064K, reserved 425984K
}
Event: 58.768 GC heap before
{Heap before GC invocations=66 (full 0):
 garbage-first heap   total 500736K, used 453944K [0x0000000080000000, 0x0000000100000000)
  region size 1024K, 184 young (188416K), 10 survivors (10240K)
 Metaspace       used 234931K, committed 237760K, reserved 688128K
  class space    used 30902K, committed 32256K, reserved 425984K
}
Event: 58.774 GC heap after
{Heap after GC invocations=67 (full 0):
 garbage-first heap   total 500736K, used 280691K [0x0000000080000000, 0x0000000100000000)
  region size 1024K, 14 young (14336K), 14 survivors (14336K)
 Metaspace       used 234931K, committed 237760K, reserved 688128K
  class space    used 30902K, committed 32256K, reserved 425984K
}
Event: 59.745 GC heap before
{Heap before GC invocations=68 (full 0):
 garbage-first heap   total 500736K, used 455795K [0x0000000080000000, 0x0000000100000000)
  region size 1024K, 186 young (190464K), 14 survivors (14336K)
 Metaspace       used 254946K, committed 257792K, reserved 688128K
  class space    used 33499K, committed 34880K, reserved 425984K
}
Event: 59.752 GC heap after
{Heap after GC invocations=69 (full 0):
 garbage-first heap   total 500736K, used 287231K [0x0000000080000000, 0x0000000100000000)
  region size 1024K, 21 young (21504K), 21 survivors (21504K)
 Metaspace       used 254946K, committed 257792K, reserved 688128K
  class space    used 33499K, committed 34880K, reserved 425984K
}
Event: 60.987 GC heap before
{Heap before GC invocations=69 (full 0):
 garbage-first heap   total 500736K, used 457215K [0x0000000080000000, 0x0000000100000000)
  region size 1024K, 182 young (186368K), 21 survivors (21504K)
 Metaspace       used 280625K, committed 283456K, reserved 688128K
  class space    used 36302K, committed 37696K, reserved 425984K
}
Event: 60.997 GC heap after
{Heap after GC invocations=70 (full 0):
 garbage-first heap   total 500736K, used 274896K [0x0000000080000000, 0x0000000100000000)
  region size 1024K, 16 young (16384K), 16 survivors (16384K)
 Metaspace       used 280625K, committed 283456K, reserved 688128K
  class space    used 36302K, committed 37696K, reserved 425984K
}
Event: 61.028 GC heap before
{Heap before GC invocations=70 (full 0):
 garbage-first heap   total 500736K, used 278992K [0x0000000080000000, 0x0000000100000000)
  region size 1024K, 21 young (21504K), 16 survivors (16384K)
 Metaspace       used 281145K, committed 284032K, reserved 688128K
  class space    used 36366K, committed 37760K, reserved 425984K
}
Event: 61.033 GC heap after
{Heap after GC invocations=71 (full 0):
 garbage-first heap   total 500736K, used 277781K [0x0000000080000000, 0x0000000100000000)
  region size 1024K, 3 young (3072K), 3 survivors (3072K)
 Metaspace       used 281145K, committed 284032K, reserved 688128K
  class space    used 36366K, committed 37760K, reserved 425984K
}
Event: 61.484 GC heap before
{Heap before GC invocations=72 (full 0):
 garbage-first heap   total 500736K, used 463125K [0x0000000080000000, 0x0000000100000000)
  region size 1024K, 181 young (185344K), 3 survivors (3072K)
 Metaspace       used 282543K, committed 285504K, reserved 688128K
  class space    used 36518K, committed 37952K, reserved 425984K
}
Event: 61.493 GC heap after
{Heap after GC invocations=73 (full 0):
 garbage-first heap   total 515072K, used 329332K [0x0000000080000000, 0x0000000100000000)
  region size 1024K, 23 young (23552K), 23 survivors (23552K)
 Metaspace       used 282543K, committed 285504K, reserved 688128K
  class space    used 36518K, committed 37952K, reserved 425984K
}
Event: 62.708 GC heap before
{Heap before GC invocations=73 (full 0):
 garbage-first heap   total 515072K, used 460404K [0x0000000080000000, 0x0000000100000000)
  region size 1024K, 151 young (154624K), 23 survivors (23552K)
 Metaspace       used 300559K, committed 303488K, reserved 753664K
  class space    used 38644K, committed 40064K, reserved 425984K
}
Event: 62.717 GC heap after
{Heap after GC invocations=74 (full 0):
 garbage-first heap   total 515072K, used 342085K [0x0000000080000000, 0x0000000100000000)
  region size 1024K, 15 young (15360K), 15 survivors (15360K)
 Metaspace       used 300559K, committed 303488K, reserved 753664K
  class space    used 38644K, committed 40064K, reserved 425984K
}
Event: 62.957 GC heap before
{Heap before GC invocations=74 (full 0):
 garbage-first heap   total 515072K, used 376901K [0x0000000080000000, 0x0000000100000000)
  region size 1024K, 50 young (51200K), 15 survivors (15360K)
 Metaspace       used 302554K, committed 305600K, reserved 753664K
  class space    used 38868K, committed 40320K, reserved 425984K
}
Event: 62.962 GC heap after
{Heap after GC invocations=75 (full 0):
 garbage-first heap   total 515072K, used 343823K [0x0000000080000000, 0x0000000100000000)
  region size 1024K, 6 young (6144K), 6 survivors (6144K)
 Metaspace       used 302554K, committed 305600K, reserved 753664K
  class space    used 38868K, committed 40320K, reserved 425984K
}

